2026-06-26 10:50:32  INFO     =================================================================
2026-06-26 10:50:32  INFO       Upstox Live Option Chain (Multi-Expiry)
2026-06-26 10:50:32  INFO       Underlying : NSE_INDEX|Nifty 50
2026-06-26 10:50:32  INFO       Refresh    : every 5 s
2026-06-26 10:50:32  INFO       Output     : D:\Harsh\Community\upstox-price-steaming\option_chain_live.xlsx
2026-06-26 10:50:32  INFO       History    : D:\Harsh\Community\upstox-price-steaming\option_chain_history.xlsx
2026-06-26 10:50:32  INFO       Strikes    : 20 around ATM
2026-06-26 10:50:32  INFO     =================================================================
2026-06-26 10:50:33  INFO     Found 18 expiry dates for NSE_INDEX|Nifty 50
2026-06-26 10:50:33  INFO     Starting concurrent refresh cycle for 18 expiry dates...
2026-06-26 10:50:33  INFO     Fetching | NSE_INDEX|Nifty 50 | expiry=2026-06-30
2026-06-26 10:50:33  INFO     Fetching | NSE_INDEX|Nifty 50 | expiry=2026-07-07
2026-06-26 10:50:33  INFO     Fetching | NSE_INDEX|Nifty 50 | expiry=2026-07-14
2026-06-26 10:50:33  INFO     Fetching | NSE_INDEX|Nifty 50 | expiry=2026-07-21
2026-06-26 10:50:33  INFO     Fetching | NSE_INDEX|Nifty 50 | expiry=2026-07-28
2026-06-26 10:50:33  INFO     Fetching | NSE_INDEX|Nifty 50 | expiry=2026-08-04
2026-06-26 10:50:33  INFO     Fetching | NSE_INDEX|Nifty 50 | expiry=2026-08-25
2026-06-26 10:50:33  INFO     Fetching | NSE_INDEX|Nifty 50 | expiry=2026-09-29
2026-06-26 10:50:33  INFO     Fetching | NSE_INDEX|Nifty 50 | expiry=2026-12-29
2026-06-26 10:50:33  INFO     Fetching | NSE_INDEX|Nifty 50 | expiry=2027-03-30
2026-06-26 10:50:34  INFO     Spot: 24056.0  |  Strikes fetched: 100 for expiry 2026-07-07
2026-06-26 10:50:34  INFO     Fetching | NSE_INDEX|Nifty 50 | expiry=2027-06-29
2026-06-26 10:50:34  INFO     Spot: 24056.0  |  Strikes fetched: 144 for expiry 2026-06-30
2026-06-26 10:50:34  INFO     Fetching | NSE_INDEX|Nifty 50 | expiry=2027-12-28
2026-06-26 10:50:34  INFO     Spot: 24056.0  |  Strikes fetched: 76 for expiry 2026-08-04
2026-06-26 10:50:34  INFO     Fetching | NSE_INDEX|Nifty 50 | expiry=2028-06-27
2026-06-26 10:50:34  INFO     Spot: 24056.0  |  Strikes fetched: 15 for expiry 2026-09-29
2026-06-26 10:50:34  INFO     Fetching | NSE_INDEX|Nifty 50 | expiry=2028-12-26
2026-06-26 10:50:34  INFO     Spot: 24056.0  |  Strikes fetched: 78 for expiry 2026-07-21
2026-06-26 10:50:34  INFO     Fetching | NSE_INDEX|Nifty 50 | expiry=2029-06-26
2026-06-26 10:50:34  INFO     Spot: 24056.0  |  Strikes fetched: 12 for expiry 2027-03-30
2026-06-26 10:50:34  INFO     Fetching | NSE_INDEX|Nifty 50 | expiry=2029-12-24
2026-06-26 10:50:34  INFO     Spot: 24056.0  |  Strikes fetched: 99 for expiry 2026-07-14
2026-06-26 10:50:34  INFO     Fetching | NSE_INDEX|Nifty 50 | expiry=2030-06-25
2026-06-26 10:50:34  INFO     Spot: 24056.0  |  Strikes fetched: 103 for expiry 2026-08-25
2026-06-26 10:50:34  INFO     Fetching | NSE_INDEX|Nifty 50 | expiry=2030-12-31
2026-06-26 10:50:34  INFO     Spot: 24056.0  |  Strikes fetched: 105 for expiry 2026-07-28
2026-06-26 10:50:34  INFO     Spot: 24056.0  |  Strikes fetched: 23 for expiry 2026-12-29
2026-06-26 10:50:35  INFO     Spot: 24056.0  |  Strikes fetched: 15 for expiry 2027-06-29
2026-06-26 10:50:35  INFO     Spot: 24056.0  |  Strikes fetched: 14 for expiry 2028-06-27
2026-06-26 10:50:35  INFO     Spot: 24056.0  |  Strikes fetched: 14 for expiry 2030-12-31
2026-06-26 10:50:35  INFO     Spot: 24056.0  |  Strikes fetched: 16 for expiry 2027-12-28
2026-06-26 10:50:35  INFO     Spot: 24056.0  |  Strikes fetched: 14 for expiry 2028-12-26
2026-06-26 10:50:35  INFO     Spot: 24056.0  |  Strikes fetched: 14 for expiry 2029-12-24
2026-06-26 10:50:35  INFO     Spot: 24056.0  |  Strikes fetched: 14 for expiry 2030-06-25
2026-06-26 10:50:35  INFO     Spot: 24056.0  |  Strikes fetched: 14 for expiry 2029-06-26
2026-06-26 10:50:35  INFO     openpyxl: Prepared sheet '2026-06-30' (43 rows)
2026-06-26 10:50:35  INFO     openpyxl: Prepared sheet '2026-07-07' (43 rows)
2026-06-26 10:50:36  INFO     openpyxl: Prepared sheet '2026-07-14' (43 rows)
2026-06-26 10:50:36  INFO     openpyxl: Prepared sheet '2026-07-21' (43 rows)
2026-06-26 10:50:36  INFO     openpyxl: Prepared sheet '2026-07-28' (43 rows)
2026-06-26 10:50:36  INFO     openpyxl: Prepared sheet '2026-08-04' (43 rows)
2026-06-26 10:50:37  INFO     openpyxl: Prepared sheet '2026-08-25' (43 rows)
2026-06-26 10:50:37  INFO     openpyxl: Prepared sheet '2026-09-29' (17 rows)
2026-06-26 10:50:37  INFO     openpyxl: Prepared sheet '2026-12-29' (25 rows)
2026-06-26 10:50:37  INFO     openpyxl: Prepared sheet '2027-03-30' (14 rows)
2026-06-26 10:50:37  INFO     openpyxl: Prepared sheet '2027-06-29' (17 rows)
2026-06-26 10:50:37  INFO     openpyxl: Prepared sheet '2027-12-28' (18 rows)
2026-06-26 10:50:38  INFO     openpyxl: Prepared sheet '2028-06-27' (16 rows)
2026-06-26 10:50:38  INFO     openpyxl: Prepared sheet '2028-12-26' (16 rows)
2026-06-26 10:50:38  INFO     openpyxl: Prepared sheet '2029-06-26' (16 rows)
2026-06-26 10:50:38  INFO     openpyxl: Prepared sheet '2029-12-24' (16 rows)
2026-06-26 10:50:38  INFO     openpyxl: Prepared sheet '2030-06-25' (16 rows)
2026-06-26 10:50:38  INFO     openpyxl: Prepared sheet '2030-12-31' (16 rows)
2026-06-26 10:50:39  INFO     Saved openpyxl -> D:\Harsh\Community\upstox-price-steaming\option_chain_live.xlsx
2026-06-26 10:50:39  INFO     openpyxl: Prepared sheet '2026-06-30' (43 rows)
2026-06-26 10:50:40  INFO     openpyxl: Prepared sheet '2026-07-07' (43 rows)
2026-06-26 10:50:40  INFO     openpyxl: Prepared sheet '2026-07-14' (43 rows)
2026-06-26 10:50:40  INFO     openpyxl: Prepared sheet '2026-07-21' (43 rows)
2026-06-26 10:50:40  INFO     openpyxl: Prepared sheet '2026-07-28' (43 rows)
2026-06-26 10:50:41  INFO     openpyxl: Prepared sheet '2026-08-04' (43 rows)
2026-06-26 10:50:41  INFO     openpyxl: Prepared sheet '2026-08-25' (43 rows)
2026-06-26 10:50:41  INFO     openpyxl: Prepared sheet '2026-09-29' (17 rows)
2026-06-26 10:50:41  INFO     openpyxl: Prepared sheet '2026-12-29' (25 rows)
2026-06-26 10:50:41  INFO     openpyxl: Prepared sheet '2027-03-30' (14 rows)
2026-06-26 10:50:42  INFO     openpyxl: Prepared sheet '2027-06-29' (17 rows)
2026-06-26 10:50:42  INFO     openpyxl: Prepared sheet '2027-12-28' (18 rows)
2026-06-26 10:50:42  INFO     openpyxl: Prepared sheet '2028-06-27' (16 rows)
2026-06-26 10:50:42  INFO     openpyxl: Prepared sheet '2028-12-26' (16 rows)
2026-06-26 10:50:42  INFO     openpyxl: Prepared sheet '2029-06-26' (16 rows)
2026-06-26 10:50:42  INFO     openpyxl: Prepared sheet '2029-12-24' (16 rows)
2026-06-26 10:50:42  INFO     openpyxl: Prepared sheet '2030-06-25' (16 rows)
2026-06-26 10:50:42  INFO     openpyxl: Prepared sheet '2030-12-31' (16 rows)
2026-06-26 10:50:43  INFO     Saved openpyxl -> D:\Harsh\Community\upstox-price-steaming\option_chain_history.xlsx
2026-06-26 10:50:43  INFO     Next refresh cycle in 5 s …
2026-06-26 10:50:49  INFO     Found 18 expiry dates for NSE_INDEX|Nifty 50
2026-06-26 10:50:49  INFO     Starting concurrent refresh cycle for 18 expiry dates...
2026-06-26 10:50:49  INFO     Fetching | NSE_INDEX|Nifty 50 | expiry=2026-06-30
2026-06-26 10:50:49  INFO     Fetching | NSE_INDEX|Nifty 50 | expiry=2026-07-07
2026-06-26 10:50:49  INFO     Fetching | NSE_INDEX|Nifty 50 | expiry=2026-07-14
2026-06-26 10:50:49  INFO     Fetching | NSE_INDEX|Nifty 50 | expiry=2026-07-21
2026-06-26 10:50:49  INFO     Fetching | NSE_INDEX|Nifty 50 | expiry=2026-07-28
2026-06-26 10:50:49  INFO     Fetching | NSE_INDEX|Nifty 50 | expiry=2026-08-04
2026-06-26 10:50:49  INFO     Fetching | NSE_INDEX|Nifty 50 | expiry=2026-08-25
2026-06-26 10:50:49  INFO     Fetching | NSE_INDEX|Nifty 50 | expiry=2026-09-29
2026-06-26 10:50:49  INFO     Fetching | NSE_INDEX|Nifty 50 | expiry=2026-12-29
2026-06-26 10:50:49  INFO     Fetching | NSE_INDEX|Nifty 50 | expiry=2027-03-30
2026-06-26 10:50:52  INFO     Spot: 24056.0  |  Strikes fetched: 78 for expiry 2026-07-21
2026-06-26 10:50:52  INFO     Fetching | NSE_INDEX|Nifty 50 | expiry=2027-06-29
2026-06-26 10:50:52  INFO     Spot: 24056.0  |  Strikes fetched: 103 for expiry 2026-08-25
2026-06-26 10:50:52  INFO     Fetching | NSE_INDEX|Nifty 50 | expiry=2027-12-28
2026-06-26 10:50:52  INFO     Spot: 24056.0  |  Strikes fetched: 76 for expiry 2026-08-04
2026-06-26 10:50:52  INFO     Fetching | NSE_INDEX|Nifty 50 | expiry=2028-06-27
2026-06-26 10:50:52  INFO     Spot: 24056.0  |  Strikes fetched: 23 for expiry 2026-12-29
2026-06-26 10:50:52  INFO     Fetching | NSE_INDEX|Nifty 50 | expiry=2028-12-26
2026-06-26 10:50:52  INFO     Spot: 24056.0  |  Strikes fetched: 100 for expiry 2026-07-07
2026-06-26 10:50:52  INFO     Fetching | NSE_INDEX|Nifty 50 | expiry=2029-06-26
2026-06-26 10:50:52  INFO     Spot: 24056.0  |  Strikes fetched: 12 for expiry 2027-03-30
2026-06-26 10:50:52  INFO     Fetching | NSE_INDEX|Nifty 50 | expiry=2029-12-24
2026-06-26 10:50:52  INFO     Spot: 24056.0  |  Strikes fetched: 15 for expiry 2026-09-29
2026-06-26 10:50:52  INFO     Fetching | NSE_INDEX|Nifty 50 | expiry=2030-06-25
2026-06-26 10:50:52  INFO     Spot: 24056.0  |  Strikes fetched: 99 for expiry 2026-07-14
2026-06-26 10:50:52  INFO     Spot: 24056.0  |  Strikes fetched: 105 for expiry 2026-07-28
2026-06-26 10:50:52  INFO     Fetching | NSE_INDEX|Nifty 50 | expiry=2030-12-31
2026-06-26 10:50:52  INFO     Spot: 24056.0  |  Strikes fetched: 144 for expiry 2026-06-30
2026-06-26 10:50:55  INFO     Spot: 24056.0  |  Strikes fetched: 15 for expiry 2027-06-29
2026-06-26 10:50:55  INFO     Spot: 24056.0  |  Strikes fetched: 16 for expiry 2027-12-28
2026-06-26 10:50:55  INFO     Spot: 24056.0  |  Strikes fetched: 14 for expiry 2030-06-25
2026-06-26 10:50:55  INFO     Spot: 24056.0  |  Strikes fetched: 14 for expiry 2030-12-31
2026-06-26 10:50:55  INFO     Spot: 24056.0  |  Strikes fetched: 14 for expiry 2029-12-24
2026-06-26 10:50:55  INFO     Spot: 24056.0  |  Strikes fetched: 14 for expiry 2029-06-26
2026-06-26 10:50:55  INFO     Spot: 24056.0  |  Strikes fetched: 14 for expiry 2028-06-27
2026-06-26 10:50:55  INFO     Spot: 24056.0  |  Strikes fetched: 14 for expiry 2028-12-26
2026-06-26 10:50:55  INFO     openpyxl: Sheet '2026-06-30' already styled. Updating values only.
2026-06-26 10:50:55  INFO     openpyxl: Prepared sheet '2026-06-30' (43 rows)
2026-06-26 10:50:55  INFO     openpyxl: Sheet '2026-07-07' already styled. Updating values only.
2026-06-26 10:50:55  INFO     openpyxl: Prepared sheet '2026-07-07' (43 rows)
2026-06-26 10:50:55  INFO     openpyxl: Sheet '2026-07-14' already styled. Updating values only.
2026-06-26 10:50:55  INFO     openpyxl: Prepared sheet '2026-07-14' (43 rows)
2026-06-26 10:50:55  INFO     openpyxl: Sheet '2026-07-21' already styled. Updating values only.
2026-06-26 10:50:55  INFO     openpyxl: Prepared sheet '2026-07-21' (43 rows)
2026-06-26 10:50:55  INFO     openpyxl: Sheet '2026-07-28' already styled. Updating values only.
2026-06-26 10:50:55  INFO     openpyxl: Prepared sheet '2026-07-28' (43 rows)
2026-06-26 10:50:55  INFO     openpyxl: Sheet '2026-08-04' already styled. Updating values only.
2026-06-26 10:50:55  INFO     openpyxl: Prepared sheet '2026-08-04' (43 rows)
2026-06-26 10:50:55  INFO     openpyxl: Sheet '2026-08-25' already styled. Updating values only.
2026-06-26 10:50:55  INFO     openpyxl: Prepared sheet '2026-08-25' (43 rows)
2026-06-26 10:50:55  INFO     openpyxl: Sheet '2026-09-29' already styled. Updating values only.
2026-06-26 10:50:55  INFO     openpyxl: Prepared sheet '2026-09-29' (17 rows)
2026-06-26 10:50:55  INFO     openpyxl: Sheet '2026-12-29' already styled. Updating values only.
2026-06-26 10:50:55  INFO     openpyxl: Prepared sheet '2026-12-29' (25 rows)
2026-06-26 10:50:55  INFO     openpyxl: Sheet '2027-03-30' already styled. Updating values only.
2026-06-26 10:50:55  INFO     openpyxl: Prepared sheet '2027-03-30' (14 rows)
2026-06-26 10:50:55  INFO     openpyxl: Sheet '2027-06-29' already styled. Updating values only.
2026-06-26 10:50:55  INFO     openpyxl: Prepared sheet '2027-06-29' (17 rows)
2026-06-26 10:50:55  INFO     openpyxl: Sheet '2027-12-28' already styled. Updating values only.
2026-06-26 10:50:55  INFO     openpyxl: Prepared sheet '2027-12-28' (18 rows)
2026-06-26 10:50:55  INFO     openpyxl: Sheet '2028-06-27' already styled. Updating values only.
2026-06-26 10:50:55  INFO     openpyxl: Prepared sheet '2028-06-27' (16 rows)
2026-06-26 10:50:55  INFO     openpyxl: Sheet '2028-12-26' already styled. Updating values only.
2026-06-26 10:50:55  INFO     openpyxl: Prepared sheet '2028-12-26' (16 rows)
2026-06-26 10:50:55  INFO     openpyxl: Sheet '2029-06-26' already styled. Updating values only.
2026-06-26 10:50:55  INFO     openpyxl: Prepared sheet '2029-06-26' (16 rows)
2026-06-26 10:50:55  INFO     openpyxl: Sheet '2029-12-24' already styled. Updating values only.
2026-06-26 10:50:55  INFO     openpyxl: Prepared sheet '2029-12-24' (16 rows)
2026-06-26 10:50:55  INFO     openpyxl: Sheet '2030-06-25' already styled. Updating values only.
2026-06-26 10:50:55  INFO     openpyxl: Prepared sheet '2030-06-25' (16 rows)
2026-06-26 10:50:55  INFO     openpyxl: Sheet '2030-12-31' already styled. Updating values only.
2026-06-26 10:50:55  INFO     openpyxl: Prepared sheet '2030-12-31' (16 rows)
2026-06-26 10:50:56  INFO     Saved openpyxl -> D:\Harsh\Community\upstox-price-steaming\option_chain_live.xlsx
2026-06-26 10:50:57  INFO     openpyxl: Prepared sheet '2026-06-30' (84 rows)
2026-06-26 10:50:57  INFO     openpyxl: Prepared sheet '2026-07-07' (84 rows)
2026-06-26 10:50:58  INFO     openpyxl: Prepared sheet '2026-07-14' (84 rows)
2026-06-26 10:50:58  INFO     openpyxl: Prepared sheet '2026-07-21' (84 rows)
2026-06-26 10:50:58  INFO     openpyxl: Prepared sheet '2026-07-28' (84 rows)
2026-06-26 10:50:59  INFO     openpyxl: Prepared sheet '2026-08-04' (84 rows)
2026-06-26 10:50:59  INFO     openpyxl: Prepared sheet '2026-08-25' (84 rows)
2026-06-26 10:50:59  INFO     openpyxl: Prepared sheet '2026-09-29' (32 rows)
2026-06-26 10:50:59  INFO     openpyxl: Prepared sheet '2026-12-29' (48 rows)
2026-06-26 10:50:59  INFO     openpyxl: Prepared sheet '2027-03-30' (26 rows)
2026-06-26 10:50:59  INFO     openpyxl: Prepared sheet '2027-06-29' (32 rows)
2026-06-26 10:50:59  INFO     openpyxl: Prepared sheet '2027-12-28' (34 rows)
2026-06-26 10:50:59  INFO     openpyxl: Prepared sheet '2028-06-27' (30 rows)
2026-06-26 10:50:59  INFO     openpyxl: Prepared sheet '2028-12-26' (30 rows)
2026-06-26 10:51:00  INFO     openpyxl: Prepared sheet '2029-06-26' (30 rows)
2026-06-26 10:51:00  INFO     openpyxl: Prepared sheet '2029-12-24' (30 rows)
2026-06-26 10:51:00  INFO     openpyxl: Prepared sheet '2030-06-25' (30 rows)
2026-06-26 10:51:00  INFO     openpyxl: Prepared sheet '2030-12-31' (30 rows)
2026-06-26 10:51:03  INFO     Saved openpyxl -> D:\Harsh\Community\upstox-price-steaming\option_chain_history.xlsx
2026-06-26 10:51:03  INFO     Next refresh cycle in 5 s …
2026-06-26 10:51:09  INFO     Found 18 expiry dates for NSE_INDEX|Nifty 50
2026-06-26 10:51:09  INFO     Starting concurrent refresh cycle for 18 expiry dates...
2026-06-26 10:51:09  INFO     Fetching | NSE_INDEX|Nifty 50 | expiry=2026-06-30
2026-06-26 10:51:09  INFO     Fetching | NSE_INDEX|Nifty 50 | expiry=2026-07-07
2026-06-26 10:51:09  INFO     Fetching | NSE_INDEX|Nifty 50 | expiry=2026-07-14
2026-06-26 10:51:09  INFO     Fetching | NSE_INDEX|Nifty 50 | expiry=2026-07-21
2026-06-26 10:51:09  INFO     Fetching | NSE_INDEX|Nifty 50 | expiry=2026-07-28
2026-06-26 10:51:09  INFO     Fetching | NSE_INDEX|Nifty 50 | expiry=2026-08-04
2026-06-26 10:51:09  INFO     Fetching | NSE_INDEX|Nifty 50 | expiry=2026-08-25
2026-06-26 10:51:09  INFO     Fetching | NSE_INDEX|Nifty 50 | expiry=2026-09-29
2026-06-26 10:51:09  INFO     Fetching | NSE_INDEX|Nifty 50 | expiry=2026-12-29
2026-06-26 10:51:09  INFO     Fetching | NSE_INDEX|Nifty 50 | expiry=2027-03-30
2026-06-26 10:51:12  INFO     Spot: 24056.0  |  Strikes fetched: 12 for expiry 2027-03-30
2026-06-26 10:51:12  INFO     Fetching | NSE_INDEX|Nifty 50 | expiry=2027-06-29
2026-06-26 10:51:12  INFO     Spot: 24056.0  |  Strikes fetched: 76 for expiry 2026-08-04
2026-06-26 10:51:12  INFO     Fetching | NSE_INDEX|Nifty 50 | expiry=2027-12-28
2026-06-26 10:51:12  INFO     Spot: 24056.0  |  Strikes fetched: 105 for expiry 2026-07-28
2026-06-26 10:51:12  INFO     Fetching | NSE_INDEX|Nifty 50 | expiry=2028-06-27
2026-06-26 10:51:12  INFO     Spot: 24056.0  |  Strikes fetched: 23 for expiry 2026-12-29
2026-06-26 10:51:12  INFO     Spot: 24056.0  |  Strikes fetched: 103 for expiry 2026-08-25
2026-06-26 10:51:12  INFO     Fetching | NSE_INDEX|Nifty 50 | expiry=2029-06-26
2026-06-26 10:51:12  INFO     Fetching | NSE_INDEX|Nifty 50 | expiry=2028-12-26
2026-06-26 10:51:13  INFO     Spot: 24056.0  |  Strikes fetched: 100 for expiry 2026-07-07
2026-06-26 10:51:13  INFO     Fetching | NSE_INDEX|Nifty 50 | expiry=2029-12-24
2026-06-26 10:51:13  INFO     Spot: 24056.0  |  Strikes fetched: 99 for expiry 2026-07-14
2026-06-26 10:51:13  INFO     Fetching | NSE_INDEX|Nifty 50 | expiry=2030-06-25
2026-06-26 10:51:13  INFO     Spot: 24056.0  |  Strikes fetched: 15 for expiry 2026-09-29
2026-06-26 10:51:13  INFO     Fetching | NSE_INDEX|Nifty 50 | expiry=2030-12-31
2026-06-26 10:51:13  INFO     Spot: 24056.0  |  Strikes fetched: 144 for expiry 2026-06-30
2026-06-26 10:51:13  INFO     Spot: 24056.0  |  Strikes fetched: 78 for expiry 2026-07-21
2026-06-26 10:51:15  INFO     Spot: 24056.0  |  Strikes fetched: 14 for expiry 2029-12-24
2026-06-26 10:51:15  INFO     Spot: 24056.0  |  Strikes fetched: 16 for expiry 2027-12-28
2026-06-26 10:51:15  INFO     Spot: 24056.0  |  Strikes fetched: 14 for expiry 2028-06-27
2026-06-26 10:51:15  INFO     Spot: 24056.0  |  Strikes fetched: 15 for expiry 2027-06-29
2026-06-26 10:51:15  INFO     Spot: 24056.0  |  Strikes fetched: 14 for expiry 2029-06-26
2026-06-26 10:51:15  INFO     Spot: 24056.0  |  Strikes fetched: 14 for expiry 2030-12-31
2026-06-26 10:51:15  INFO     Spot: 24056.0  |  Strikes fetched: 14 for expiry 2030-06-25
2026-06-26 10:51:15  INFO     Spot: 24056.0  |  Strikes fetched: 14 for expiry 2028-12-26
2026-06-26 10:51:16  INFO     openpyxl: Sheet '2026-06-30' already styled. Updating values only.
2026-06-26 10:51:16  INFO     openpyxl: Prepared sheet '2026-06-30' (43 rows)
2026-06-26 10:51:16  INFO     openpyxl: Sheet '2026-07-07' already styled. Updating values only.
2026-06-26 10:51:16  INFO     openpyxl: Prepared sheet '2026-07-07' (43 rows)
2026-06-26 10:51:16  INFO     openpyxl: Sheet '2026-07-14' already styled. Updating values only.
2026-06-26 10:51:16  INFO     openpyxl: Prepared sheet '2026-07-14' (43 rows)
2026-06-26 10:51:16  INFO     openpyxl: Sheet '2026-07-21' already styled. Updating values only.
2026-06-26 10:51:16  INFO     openpyxl: Prepared sheet '2026-07-21' (43 rows)
2026-06-26 10:51:16  INFO     openpyxl: Sheet '2026-07-28' already styled. Updating values only.
2026-06-26 10:51:16  INFO     openpyxl: Prepared sheet '2026-07-28' (43 rows)
2026-06-26 10:51:16  INFO     openpyxl: Sheet '2026-08-04' already styled. Updating values only.
2026-06-26 10:51:16  INFO     openpyxl: Prepared sheet '2026-08-04' (43 rows)
2026-06-26 10:51:16  INFO     openpyxl: Sheet '2026-08-25' already styled. Updating values only.
2026-06-26 10:51:16  INFO     openpyxl: Prepared sheet '2026-08-25' (43 rows)
2026-06-26 10:51:16  INFO     openpyxl: Sheet '2026-09-29' already styled. Updating values only.
2026-06-26 10:51:16  INFO     openpyxl: Prepared sheet '2026-09-29' (17 rows)
2026-06-26 10:51:16  INFO     openpyxl: Sheet '2026-12-29' already styled. Updating values only.
2026-06-26 10:51:16  INFO     openpyxl: Prepared sheet '2026-12-29' (25 rows)
2026-06-26 10:51:16  INFO     openpyxl: Sheet '2027-03-30' already styled. Updating values only.
2026-06-26 10:51:16  INFO     openpyxl: Prepared sheet '2027-03-30' (14 rows)
2026-06-26 10:51:16  INFO     openpyxl: Sheet '2027-06-29' already styled. Updating values only.
2026-06-26 10:51:16  INFO     openpyxl: Prepared sheet '2027-06-29' (17 rows)
2026-06-26 10:51:16  INFO     openpyxl: Sheet '2027-12-28' already styled. Updating values only.
2026-06-26 10:51:16  INFO     openpyxl: Prepared sheet '2027-12-28' (18 rows)
2026-06-26 10:51:16  INFO     openpyxl: Sheet '2028-06-27' already styled. Updating values only.
2026-06-26 10:51:16  INFO     openpyxl: Prepared sheet '2028-06-27' (16 rows)
2026-06-26 10:51:16  INFO     openpyxl: Sheet '2028-12-26' already styled. Updating values only.
2026-06-26 10:51:16  INFO     openpyxl: Prepared sheet '2028-12-26' (16 rows)
2026-06-26 10:51:16  INFO     openpyxl: Sheet '2029-06-26' already styled. Updating values only.
2026-06-26 10:51:16  INFO     openpyxl: Prepared sheet '2029-06-26' (16 rows)
2026-06-26 10:51:16  INFO     openpyxl: Sheet '2029-12-24' already styled. Updating values only.
2026-06-26 10:51:16  INFO     openpyxl: Prepared sheet '2029-12-24' (16 rows)
2026-06-26 10:51:16  INFO     openpyxl: Sheet '2030-06-25' already styled. Updating values only.
2026-06-26 10:51:16  INFO     openpyxl: Prepared sheet '2030-06-25' (16 rows)
2026-06-26 10:51:16  INFO     openpyxl: Sheet '2030-12-31' already styled. Updating values only.
2026-06-26 10:51:16  INFO     openpyxl: Prepared sheet '2030-12-31' (16 rows)
2026-06-26 10:51:17  INFO     Saved openpyxl -> D:\Harsh\Community\upstox-price-steaming\option_chain_live.xlsx
2026-06-26 10:51:18  INFO     openpyxl: Prepared sheet '2026-06-30' (125 rows)
2026-06-26 10:51:19  INFO     openpyxl: Prepared sheet '2026-07-07' (125 rows)
2026-06-26 10:51:19  INFO     openpyxl: Prepared sheet '2026-07-14' (125 rows)
2026-06-26 10:51:19  INFO     openpyxl: Prepared sheet '2026-07-21' (125 rows)
2026-06-26 10:51:20  INFO     openpyxl: Prepared sheet '2026-07-28' (125 rows)
2026-06-26 10:51:20  INFO     openpyxl: Prepared sheet '2026-08-04' (125 rows)
2026-06-26 10:51:20  INFO     openpyxl: Prepared sheet '2026-08-25' (125 rows)
2026-06-26 10:51:20  INFO     openpyxl: Prepared sheet '2026-09-29' (47 rows)
2026-06-26 10:51:21  INFO     openpyxl: Prepared sheet '2026-12-29' (71 rows)
2026-06-26 10:51:21  INFO     openpyxl: Prepared sheet '2027-03-30' (38 rows)
2026-06-26 10:51:21  INFO     openpyxl: Prepared sheet '2027-06-29' (47 rows)
2026-06-26 10:51:21  INFO     openpyxl: Prepared sheet '2027-12-28' (50 rows)
2026-06-26 10:51:21  INFO     openpyxl: Prepared sheet '2028-06-27' (44 rows)
2026-06-26 10:51:21  INFO     openpyxl: Prepared sheet '2028-12-26' (44 rows)
2026-06-26 10:51:21  INFO     openpyxl: Prepared sheet '2029-06-26' (44 rows)
2026-06-26 10:51:21  INFO     openpyxl: Prepared sheet '2029-12-24' (44 rows)
2026-06-26 10:51:21  INFO     openpyxl: Prepared sheet '2030-06-25' (44 rows)
2026-06-26 10:51:22  INFO     openpyxl: Prepared sheet '2030-12-31' (44 rows)
2026-06-26 10:51:23  INFO     Saved openpyxl -> D:\Harsh\Community\upstox-price-steaming\option_chain_history.xlsx
2026-06-26 10:51:23  INFO     Next refresh cycle in 5 s …
2026-06-26 10:51:30  INFO     Found 18 expiry dates for NSE_INDEX|Nifty 50
2026-06-26 10:51:30  INFO     Starting concurrent refresh cycle for 18 expiry dates...
2026-06-26 10:51:30  INFO     Fetching | NSE_INDEX|Nifty 50 | expiry=2026-06-30
2026-06-26 10:51:30  INFO     Fetching | NSE_INDEX|Nifty 50 | expiry=2026-07-07
2026-06-26 10:51:30  INFO     Fetching | NSE_INDEX|Nifty 50 | expiry=2026-07-14
2026-06-26 10:51:30  INFO     Fetching | NSE_INDEX|Nifty 50 | expiry=2026-07-21
2026-06-26 10:51:30  INFO     Fetching | NSE_INDEX|Nifty 50 | expiry=2026-07-28
2026-06-26 10:51:30  INFO     Fetching | NSE_INDEX|Nifty 50 | expiry=2026-08-04
2026-06-26 10:51:30  INFO     Fetching | NSE_INDEX|Nifty 50 | expiry=2026-08-25
2026-06-26 10:51:30  INFO     Fetching | NSE_INDEX|Nifty 50 | expiry=2026-09-29
2026-06-26 10:51:30  INFO     Fetching | NSE_INDEX|Nifty 50 | expiry=2026-12-29
2026-06-26 10:51:30  INFO     Fetching | NSE_INDEX|Nifty 50 | expiry=2027-03-30
2026-06-26 10:51:33  INFO     Spot: 24056.0  |  Strikes fetched: 15 for expiry 2026-09-29
2026-06-26 10:51:33  INFO     Fetching | NSE_INDEX|Nifty 50 | expiry=2027-06-29
2026-06-26 10:51:33  INFO     Spot: 24056.0  |  Strikes fetched: 12 for expiry 2027-03-30
2026-06-26 10:51:33  INFO     Fetching | NSE_INDEX|Nifty 50 | expiry=2027-12-28
2026-06-26 10:51:33  INFO     Spot: 24056.0  |  Strikes fetched: 78 for expiry 2026-07-21
2026-06-26 10:51:33  INFO     Fetching | NSE_INDEX|Nifty 50 | expiry=2028-06-27
2026-06-26 10:51:33  INFO     Spot: 24056.0  |  Strikes fetched: 99 for expiry 2026-07-14
2026-06-26 10:51:33  INFO     Fetching | NSE_INDEX|Nifty 50 | expiry=2028-12-26
2026-06-26 10:51:33  INFO     Spot: 24056.0  |  Strikes fetched: 105 for expiry 2026-07-28
2026-06-26 10:51:33  INFO     Fetching | NSE_INDEX|Nifty 50 | expiry=2029-06-26
2026-06-26 10:51:33  INFO     Spot: 24056.0  |  Strikes fetched: 103 for expiry 2026-08-25
2026-06-26 10:51:33  INFO     Fetching | NSE_INDEX|Nifty 50 | expiry=2029-12-24
2026-06-26 10:51:33  INFO     Spot: 24056.0  |  Strikes fetched: 23 for expiry 2026-12-29
2026-06-26 10:51:33  INFO     Fetching | NSE_INDEX|Nifty 50 | expiry=2030-06-25
2026-06-26 10:51:33  INFO     Spot: 24056.0  |  Strikes fetched: 76 for expiry 2026-08-04
2026-06-26 10:51:33  INFO     Fetching | NSE_INDEX|Nifty 50 | expiry=2030-12-31
2026-06-26 10:51:33  INFO     Spot: 24056.0  |  Strikes fetched: 144 for expiry 2026-06-30
2026-06-26 10:51:33  INFO     Spot: 24056.0  |  Strikes fetched: 100 for expiry 2026-07-07
2026-06-26 10:51:36  INFO     Spot: 24056.0  |  Strikes fetched: 15 for expiry 2027-06-29
2026-06-26 10:51:36  INFO     Spot: 24056.0  |  Strikes fetched: 16 for expiry 2027-12-28
2026-06-26 10:51:36  INFO     Spot: 24056.0  |  Strikes fetched: 14 for expiry 2028-06-27
2026-06-26 10:51:36  INFO     Spot: 24056.0  |  Strikes fetched: 14 for expiry 2028-12-26
2026-06-26 10:51:36  INFO     Spot: 24056.0  |  Strikes fetched: 14 for expiry 2029-06-26
2026-06-26 10:51:36  INFO     Spot: 24056.0  |  Strikes fetched: 14 for expiry 2030-12-31
2026-06-26 10:51:36  INFO     Spot: 24056.0  |  Strikes fetched: 14 for expiry 2030-06-25
2026-06-26 10:51:36  INFO     Spot: 24056.0  |  Strikes fetched: 14 for expiry 2029-12-24
2026-06-26 10:51:36  INFO     openpyxl: Sheet '2026-06-30' already styled. Updating values only.
2026-06-26 10:51:36  INFO     openpyxl: Prepared sheet '2026-06-30' (43 rows)
2026-06-26 10:51:36  INFO     openpyxl: Sheet '2026-07-07' already styled. Updating values only.
2026-06-26 10:51:36  INFO     openpyxl: Prepared sheet '2026-07-07' (43 rows)
2026-06-26 10:51:36  INFO     openpyxl: Sheet '2026-07-14' already styled. Updating values only.
2026-06-26 10:51:36  INFO     openpyxl: Prepared sheet '2026-07-14' (43 rows)
2026-06-26 10:51:36  INFO     openpyxl: Sheet '2026-07-21' already styled. Updating values only.
2026-06-26 10:51:36  INFO     openpyxl: Prepared sheet '2026-07-21' (43 rows)
2026-06-26 10:51:36  INFO     openpyxl: Sheet '2026-07-28' already styled. Updating values only.
2026-06-26 10:51:36  INFO     openpyxl: Prepared sheet '2026-07-28' (43 rows)
2026-06-26 10:51:36  INFO     openpyxl: Sheet '2026-08-04' already styled. Updating values only.
2026-06-26 10:51:36  INFO     openpyxl: Prepared sheet '2026-08-04' (43 rows)
2026-06-26 10:51:36  INFO     openpyxl: Sheet '2026-08-25' already styled. Updating values only.
2026-06-26 10:51:36  INFO     openpyxl: Prepared sheet '2026-08-25' (43 rows)
2026-06-26 10:51:36  INFO     openpyxl: Sheet '2026-09-29' already styled. Updating values only.
2026-06-26 10:51:36  INFO     openpyxl: Prepared sheet '2026-09-29' (17 rows)
2026-06-26 10:51:36  INFO     openpyxl: Sheet '2026-12-29' already styled. Updating values only.
2026-06-26 10:51:36  INFO     openpyxl: Prepared sheet '2026-12-29' (25 rows)
2026-06-26 10:51:36  INFO     openpyxl: Sheet '2027-03-30' already styled. Updating values only.
2026-06-26 10:51:36  INFO     openpyxl: Prepared sheet '2027-03-30' (14 rows)
2026-06-26 10:51:36  INFO     openpyxl: Sheet '2027-06-29' already styled. Updating values only.
2026-06-26 10:51:36  INFO     openpyxl: Prepared sheet '2027-06-29' (17 rows)
2026-06-26 10:51:36  INFO     openpyxl: Sheet '2027-12-28' already styled. Updating values only.
2026-06-26 10:51:36  INFO     openpyxl: Prepared sheet '2027-12-28' (18 rows)
2026-06-26 10:51:36  INFO     openpyxl: Sheet '2028-06-27' already styled. Updating values only.
2026-06-26 10:51:36  INFO     openpyxl: Prepared sheet '2028-06-27' (16 rows)
2026-06-26 10:51:36  INFO     openpyxl: Sheet '2028-12-26' already styled. Updating values only.
2026-06-26 10:51:36  INFO     openpyxl: Prepared sheet '2028-12-26' (16 rows)
2026-06-26 10:51:36  INFO     openpyxl: Sheet '2029-06-26' already styled. Updating values only.
2026-06-26 10:51:36  INFO     openpyxl: Prepared sheet '2029-06-26' (16 rows)
2026-06-26 10:51:36  INFO     openpyxl: Sheet '2029-12-24' already styled. Updating values only.
2026-06-26 10:51:36  INFO     openpyxl: Prepared sheet '2029-12-24' (16 rows)
2026-06-26 10:51:36  INFO     openpyxl: Sheet '2030-06-25' already styled. Updating values only.
2026-06-26 10:51:36  INFO     openpyxl: Prepared sheet '2030-06-25' (16 rows)
2026-06-26 10:51:36  INFO     openpyxl: Sheet '2030-12-31' already styled. Updating values only.
2026-06-26 10:51:36  INFO     openpyxl: Prepared sheet '2030-12-31' (16 rows)
2026-06-26 10:51:37  INFO     Saved openpyxl -> D:\Harsh\Community\upstox-price-steaming\option_chain_live.xlsx
2026-06-26 10:51:38  INFO     openpyxl: Prepared sheet '2026-06-30' (166 rows)
2026-06-26 10:51:38  INFO     openpyxl: Prepared sheet '2026-07-07' (166 rows)
2026-06-26 10:51:39  INFO     openpyxl: Prepared sheet '2026-07-14' (166 rows)
2026-06-26 10:51:39  INFO     openpyxl: Prepared sheet '2026-07-21' (166 rows)
2026-06-26 10:51:39  INFO     openpyxl: Prepared sheet '2026-07-28' (166 rows)
2026-06-26 10:51:40  INFO     openpyxl: Prepared sheet '2026-08-04' (166 rows)
2026-06-26 10:51:40  INFO     openpyxl: Prepared sheet '2026-08-25' (166 rows)
2026-06-26 10:51:40  INFO     openpyxl: Prepared sheet '2026-09-29' (62 rows)
2026-06-26 10:51:40  INFO     openpyxl: Prepared sheet '2026-12-29' (94 rows)
2026-06-26 10:51:40  INFO     openpyxl: Prepared sheet '2027-03-30' (50 rows)
2026-06-26 10:51:40  INFO     openpyxl: Prepared sheet '2027-06-29' (62 rows)
2026-06-26 10:51:40  INFO     openpyxl: Prepared sheet '2027-12-28' (66 rows)
2026-06-26 10:51:41  INFO     openpyxl: Prepared sheet '2028-06-27' (58 rows)
2026-06-26 10:51:41  INFO     openpyxl: Prepared sheet '2028-12-26' (58 rows)
2026-06-26 10:51:41  INFO     openpyxl: Prepared sheet '2029-06-26' (58 rows)
2026-06-26 10:51:41  INFO     openpyxl: Prepared sheet '2029-12-24' (58 rows)
2026-06-26 10:51:41  INFO     openpyxl: Prepared sheet '2030-06-25' (58 rows)
2026-06-26 10:51:41  INFO     openpyxl: Prepared sheet '2030-12-31' (58 rows)
2026-06-26 10:51:43  INFO     Saved openpyxl -> D:\Harsh\Community\upstox-price-steaming\option_chain_history.xlsx
2026-06-26 10:51:43  INFO     Next refresh cycle in 5 s …
2026-06-26 10:51:49  INFO     Found 18 expiry dates for NSE_INDEX|Nifty 50
2026-06-26 10:51:49  INFO     Starting concurrent refresh cycle for 18 expiry dates...
2026-06-26 10:51:49  INFO     Fetching | NSE_INDEX|Nifty 50 | expiry=2026-06-30
2026-06-26 10:51:49  INFO     Fetching | NSE_INDEX|Nifty 50 | expiry=2026-07-07
2026-06-26 10:51:49  INFO     Fetching | NSE_INDEX|Nifty 50 | expiry=2026-07-14
2026-06-26 10:51:49  INFO     Fetching | NSE_INDEX|Nifty 50 | expiry=2026-07-21
2026-06-26 10:51:49  INFO     Fetching | NSE_INDEX|Nifty 50 | expiry=2026-07-28
2026-06-26 10:51:49  INFO     Fetching | NSE_INDEX|Nifty 50 | expiry=2026-08-04
2026-06-26 10:51:49  INFO     Fetching | NSE_INDEX|Nifty 50 | expiry=2026-08-25
2026-06-26 10:51:49  INFO     Fetching | NSE_INDEX|Nifty 50 | expiry=2026-09-29
2026-06-26 10:51:49  INFO     Fetching | NSE_INDEX|Nifty 50 | expiry=2026-12-29
2026-06-26 10:51:49  INFO     Fetching | NSE_INDEX|Nifty 50 | expiry=2027-03-30
2026-06-26 10:51:53  INFO     Spot: 24056.0  |  Strikes fetched: 15 for expiry 2026-09-29
2026-06-26 10:51:53  INFO     Fetching | NSE_INDEX|Nifty 50 | expiry=2027-06-29
2026-06-26 10:51:53  INFO     Spot: 24056.0  |  Strikes fetched: 99 for expiry 2026-07-14
2026-06-26 10:51:53  INFO     Fetching | NSE_INDEX|Nifty 50 | expiry=2027-12-28
2026-06-26 10:51:53  INFO     Spot: 24056.0  |  Strikes fetched: 103 for expiry 2026-08-25
2026-06-26 10:51:53  INFO     Spot: 24056.0  |  Strikes fetched: 144 for expiry 2026-06-30
2026-06-26 10:51:53  INFO     Spot: 24056.0  |  Strikes fetched: 78 for expiry 2026-07-21
2026-06-26 10:51:53  INFO     Fetching | NSE_INDEX|Nifty 50 | expiry=2028-06-27
2026-06-26 10:51:53  INFO     Spot: 24056.0  |  Strikes fetched: 105 for expiry 2026-07-28
2026-06-26 10:51:53  INFO     Spot: 24056.0  |  Strikes fetched: 12 for expiry 2027-03-30
2026-06-26 10:51:53  INFO     Fetching | NSE_INDEX|Nifty 50 | expiry=2028-12-26
2026-06-26 10:51:53  INFO     Spot: 24056.0  |  Strikes fetched: 100 for expiry 2026-07-07
2026-06-26 10:51:53  INFO     Spot: 24056.0  |  Strikes fetched: 76 for expiry 2026-08-04
2026-06-26 10:51:53  INFO     Fetching | NSE_INDEX|Nifty 50 | expiry=2029-06-26
2026-06-26 10:51:53  INFO     Fetching | NSE_INDEX|Nifty 50 | expiry=2029-12-24
2026-06-26 10:51:53  INFO     Spot: 24056.0  |  Strikes fetched: 23 for expiry 2026-12-29
2026-06-26 10:51:53  INFO     Fetching | NSE_INDEX|Nifty 50 | expiry=2030-06-25
2026-06-26 10:51:53  INFO     Fetching | NSE_INDEX|Nifty 50 | expiry=2030-12-31
2026-06-26 10:51:55  INFO     Spot: 24056.0  |  Strikes fetched: 15 for expiry 2027-06-29
2026-06-26 10:51:55  INFO     Spot: 24056.0  |  Strikes fetched: 16 for expiry 2027-12-28
2026-06-26 10:51:55  INFO     Spot: 24056.0  |  Strikes fetched: 14 for expiry 2030-06-25
2026-06-26 10:51:55  INFO     Spot: 24056.0  |  Strikes fetched: 14 for expiry 2028-06-27
2026-06-26 10:51:55  INFO     Spot: 24056.0  |  Strikes fetched: 14 for expiry 2029-06-26
2026-06-26 10:51:55  INFO     Spot: 24056.0  |  Strikes fetched: 14 for expiry 2030-12-31
2026-06-26 10:51:55  INFO     Spot: 24056.0  |  Strikes fetched: 14 for expiry 2028-12-26
2026-06-26 10:51:56  INFO     Spot: 24056.0  |  Strikes fetched: 14 for expiry 2029-12-24
2026-06-26 10:51:56  INFO     openpyxl: Sheet '2026-06-30' already styled. Updating values only.
2026-06-26 10:51:56  INFO     openpyxl: Prepared sheet '2026-06-30' (43 rows)
2026-06-26 10:51:56  INFO     openpyxl: Sheet '2026-07-07' already styled. Updating values only.
2026-06-26 10:51:56  INFO     openpyxl: Prepared sheet '2026-07-07' (43 rows)
2026-06-26 10:51:56  INFO     openpyxl: Sheet '2026-07-14' already styled. Updating values only.
2026-06-26 10:51:56  INFO     openpyxl: Prepared sheet '2026-07-14' (43 rows)
2026-06-26 10:51:56  INFO     openpyxl: Sheet '2026-07-21' already styled. Updating values only.
2026-06-26 10:51:56  INFO     openpyxl: Prepared sheet '2026-07-21' (43 rows)
2026-06-26 10:51:56  INFO     openpyxl: Sheet '2026-07-28' already styled. Updating values only.
2026-06-26 10:51:56  INFO     openpyxl: Prepared sheet '2026-07-28' (43 rows)
2026-06-26 10:51:56  INFO     openpyxl: Sheet '2026-08-04' already styled. Updating values only.
2026-06-26 10:51:56  INFO     openpyxl: Prepared sheet '2026-08-04' (43 rows)
2026-06-26 10:51:56  INFO     openpyxl: Sheet '2026-08-25' already styled. Updating values only.
2026-06-26 10:51:56  INFO     openpyxl: Prepared sheet '2026-08-25' (43 rows)
2026-06-26 10:51:56  INFO     openpyxl: Sheet '2026-09-29' already styled. Updating values only.
2026-06-26 10:51:56  INFO     openpyxl: Prepared sheet '2026-09-29' (17 rows)
2026-06-26 10:51:56  INFO     openpyxl: Sheet '2026-12-29' already styled. Updating values only.
2026-06-26 10:51:56  INFO     openpyxl: Prepared sheet '2026-12-29' (25 rows)
2026-06-26 10:51:56  INFO     openpyxl: Sheet '2027-03-30' already styled. Updating values only.
2026-06-26 10:51:56  INFO     openpyxl: Prepared sheet '2027-03-30' (14 rows)
2026-06-26 10:51:56  INFO     openpyxl: Sheet '2027-06-29' already styled. Updating values only.
2026-06-26 10:51:56  INFO     openpyxl: Prepared sheet '2027-06-29' (17 rows)
2026-06-26 10:51:56  INFO     openpyxl: Sheet '2027-12-28' already styled. Updating values only.
2026-06-26 10:51:56  INFO     openpyxl: Prepared sheet '2027-12-28' (18 rows)
2026-06-26 10:51:56  INFO     openpyxl: Sheet '2028-06-27' already styled. Updating values only.
2026-06-26 10:51:56  INFO     openpyxl: Prepared sheet '2028-06-27' (16 rows)
2026-06-26 10:51:56  INFO     openpyxl: Sheet '2028-12-26' already styled. Updating values only.
2026-06-26 10:51:56  INFO     openpyxl: Prepared sheet '2028-12-26' (16 rows)
2026-06-26 10:51:56  INFO     openpyxl: Sheet '2029-06-26' already styled. Updating values only.
2026-06-26 10:51:56  INFO     openpyxl: Prepared sheet '2029-06-26' (16 rows)
2026-06-26 10:51:56  INFO     openpyxl: Sheet '2029-12-24' already styled. Updating values only.
2026-06-26 10:51:56  INFO     openpyxl: Prepared sheet '2029-12-24' (16 rows)
2026-06-26 10:51:56  INFO     openpyxl: Sheet '2030-06-25' already styled. Updating values only.
2026-06-26 10:51:56  INFO     openpyxl: Prepared sheet '2030-06-25' (16 rows)
2026-06-26 10:51:56  INFO     openpyxl: Sheet '2030-12-31' already styled. Updating values only.
2026-06-26 10:51:56  INFO     openpyxl: Prepared sheet '2030-12-31' (16 rows)
2026-06-26 10:51:57  INFO     Saved openpyxl -> D:\Harsh\Community\upstox-price-steaming\option_chain_live.xlsx
2026-06-26 10:51:58  INFO     openpyxl: Prepared sheet '2026-06-30' (207 rows)
2026-06-26 10:51:58  INFO     openpyxl: Prepared sheet '2026-07-07' (207 rows)
2026-06-26 10:51:59  INFO     openpyxl: Prepared sheet '2026-07-14' (207 rows)
2026-06-26 10:51:59  INFO     openpyxl: Prepared sheet '2026-07-21' (207 rows)
2026-06-26 10:51:59  INFO     openpyxl: Prepared sheet '2026-07-28' (207 rows)
